# JRE version: Java(TM) SE Runtime Environment (17.0.10+11) (build 17.0.10+11-LTS-240)
# Java VM: Java HotSpot(TM) 64-Bit Server VM (17.0.10+11-LTS-240, mixed mode, sharing, tiered, compressed oops, compressed class ptrs, g1 gc, windows-amd64)
GC Precious Log:
 CPUs: 8 total, 8 available
 Memory: 7967M
 Large Page Support: Disabled
 NUMA Support: Disabled
 Compressed Oops: Enabled (32-bit)
 Heap Region Size: 1M
 Heap Min Capacity: 8M
 Heap Initial Capacity: 126M
 Heap Max Capacity: 2G
 Pre-touch: Disabled
 Parallel Workers: 8
 Concurrent Workers: 2
 Concurrent Refinement Workers: 8
 Periodic GC: Disabled
Heap:
 garbage-first heap   total 343040K, used 168171K [0x0000000080000000, 0x0000000100000000)
  region size 1024K, 4 young (4096K), 4 survivors (4096K)
 Metaspace       used 135084K, committed 136384K, reserved 557056K
  class space    used 18253K, committed 18880K, reserved 425984K
GC Heap History (20 events):
Event: 2152.424 GC heap after
{Heap after GC invocations=56 (full 0):
 garbage-first heap   total 212992K, used 158629K [0x0000000080000000, 0x0000000100000000)
  region size 1024K, 4 young (4096K), 4 survivors (4096K)
 Metaspace       used 124093K, committed 125376K, reserved 557056K
  class space    used 16980K, committed 17536K, reserved 425984K
}
Event: 2153.635 GC heap before
{Heap before GC invocations=56 (full 0):
 garbage-first heap   total 212992K, used 183205K [0x0000000080000000, 0x0000000100000000)
  region size 1024K, 29 young (29696K), 4 survivors (4096K)
 Metaspace       used 124593K, committed 125952K, reserved 557056K
  class space    used 17037K, committed 17664K, reserved 425984K
}
Event: 2153.657 GC heap after
{Heap after GC invocations=57 (full 0):
 garbage-first heap   total 212992K, used 161938K [0x0000000080000000, 0x0000000100000000)
  region size 1024K, 3 young (3072K), 3 survivors (3072K)
 Metaspace       used 124593K, committed 125952K, reserved 557056K
  class space    used 17037K, committed 17664K, reserved 425984K
}
Event: 2154.454 GC heap before
{Heap before GC invocations=57 (full 0):
 garbage-first heap   total 212992K, used 183442K [0x0000000080000000, 0x0000000100000000)
  region size 1024K, 24 young (24576K), 3 survivors (3072K)
 Metaspace       used 124928K, committed 126272K, reserved 557056K
  class space    used 17071K, committed 17664K, reserved 425984K
}
Event: 2154.475 GC heap after
{Heap after GC invocations=58 (full 0):
 garbage-first heap   total 343040K, used 165565K [0x0000000080000000, 0x0000000100000000)
  region size 1024K, 3 young (3072K), 3 survivors (3072K)
 Metaspace       used 124928K, committed 126272K, reserved 557056K
  class space    used 17071K, committed 17664K, reserved 425984K
}
Event: 2155.967 GC heap before
{Heap before GC invocations=58 (full 0):
 garbage-first heap   total 343040K, used 197309K [0x0000000080000000, 0x0000000100000000)
  region size 1024K, 35 young (35840K), 3 survivors (3072K)
 Metaspace       used 126787K, committed 128128K, reserved 557056K
  class space    used 17343K, committed 17984K, reserved 425984K
}
Event: 2155.999 GC heap after
{Heap after GC invocations=59 (full 0):
 garbage-first heap   total 343040K, used 167976K [0x0000000080000000, 0x0000000100000000)
  region size 1024K, 6 young (6144K), 6 survivors (6144K)
 Metaspace       used 126787K, committed 128128K, reserved 557056K
  class space    used 17343K, committed 17984K, reserved 425984K
}
Event: 2173.421 GC heap before
{Heap before GC invocations=60 (full 0):
 garbage-first heap   total 343040K, used 258088K [0x0000000080000000, 0x0000000100000000)
  region size 1024K, 95 young (97280K), 6 survivors (6144K)
 Metaspace       used 132201K, committed 133376K, reserved 557056K
  class space    used 17928K, committed 18432K, reserved 425984K
}
Event: 2173.679 GC heap after
{Heap after GC invocations=61 (full 0):
 garbage-first heap   total 343040K, used 173415K [0x0000000080000000, 0x0000000100000000)
  region size 1024K, 12 young (12288K), 12 survivors (12288K)
 Metaspace       used 132201K, committed 133376K, reserved 557056K
  class space    used 17928K, committed 18432K, reserved 425984K
}
Event: 2174.140 GC heap before
{Heap before GC invocations=61 (full 0):
 garbage-first heap   total 343040K, used 177511K [0x0000000080000000, 0x0000000100000000)
  region size 1024K, 16 young (16384K), 12 survivors (12288K)
 Metaspace       used 132454K, committed 133632K, reserved 557056K
  class space    used 17958K, committed 18496K, reserved 425984K
}
Event: 2174.622 GC heap after
{Heap after GC invocations=62 (full 0):
 garbage-first heap   total 343040K, used 155182K [0x0000000080000000, 0x0000000100000000)
  region size 1024K, 2 young (2048K), 2 survivors (2048K)
 Metaspace       used 132454K, committed 133632K, reserved 557056K
  class space    used 17958K, committed 18496K, reserved 425984K
}
Event: 2176.309 GC heap before
{Heap before GC invocations=62 (full 0):
 garbage-first heap   total 343040K, used 169518K [0x0000000080000000, 0x0000000100000000)
  region size 1024K, 16 young (16384K), 2 survivors (2048K)
 Metaspace       used 132991K, committed 134208K, reserved 557056K
  class space    used 18031K, committed 18560K, reserved 425984K
}
Event: 2176.321 GC heap after
{Heap after GC invocations=63 (full 0):
 garbage-first heap   total 343040K, used 157568K [0x0000000080000000, 0x0000000100000000)
  region size 1024K, 2 young (2048K), 2 survivors (2048K)
 Metaspace       used 132991K, committed 134208K, reserved 557056K
  class space    used 18031K, committed 18560K, reserved 425984K
}
Event: 2192.430 GC heap before
{Heap before GC invocations=63 (full 0):
 garbage-first heap   total 343040K, used 260992K [0x0000000080000000, 0x0000000100000000)
  region size 1024K, 102 young (104448K), 2 survivors (2048K)
 Metaspace       used 134853K, committed 136128K, reserved 557056K
  class space    used 18244K, committed 18816K, reserved 425984K
}
Event: 2192.512 GC heap after
{Heap after GC invocations=64 (full 0):
 garbage-first heap   total 343040K, used 169779K [0x0000000080000000, 0x0000000100000000)
  region size 1024K, 12 young (12288K), 12 survivors (12288K)
 Metaspace       used 134853K, committed 136128K, reserved 557056K
  class space    used 18244K, committed 18816K, reserved 425984K
}
Event: 2195.899 GC heap before
{Heap before GC invocations=65 (full 0):
 garbage-first heap   total 343040K, used 243507K [0x0000000080000000, 0x0000000100000000)
  region size 1024K, 85 young (87040K), 12 survivors (12288K)
 Metaspace       used 134785K, committed 136128K, reserved 557056K
  class space    used 18226K, committed 18816K, reserved 425984K
}
Event: 2195.954 GC heap after
{Heap after GC invocations=66 (full 0):
 garbage-first heap   total 343040K, used 170436K [0x0000000080000000, 0x0000000100000000)
  region size 1024K, 2 young (2048K), 2 survivors (2048K)
 Metaspace       used 134785K, committed 136128K, reserved 557056K
  class space    used 18226K, committed 18816K, reserved 425984K
}
Event: 2196.102 GC heap before
{Heap before GC invocations=66 (full 0):
 garbage-first heap   total 343040K, used 184772K [0x0000000080000000, 0x0000000100000000)
  region size 1024K, 16 young (16384K), 2 survivors (2048K)
 Metaspace       used 134785K, committed 136128K, reserved 557056K
  class space    used 18226K, committed 18816K, reserved 425984K
}
Event: 2196.130 GC heap after
{Heap after GC invocations=67 (full 0):
 garbage-first heap   total 343040K, used 167503K [0x0000000080000000, 0x0000000100000000)
  region size 1024K, 2 young (2048K), 2 survivors (2048K)
 Metaspace       used 134785K, committed 136128K, reserved 557056K
  class space    used 18226K, committed 18816K, reserved 425984K
}
Event: 2198.483 GC heap before
{Heap before GC invocations=67 (full 0):
 garbage-first heap   total 343040K, used 273999K [0x0000000080000000, 0x0000000100000000)
  region size 1024K, 106 young (108544K), 2 survivors (2048K)
 Metaspace       used 135084K, committed 136384K, reserved 557056K
  class space    used 18253K, committed 18880K, reserved 425984K
}

